<?xml version="1.0" encoding="UTF-8"?>
<!-- Generated by org.testng.reporters.JUnitXMLReporter -->
<testsuite ignored="0" hostname="SAMPUSATHYA" failures="1" tests="1" name="Zoopla on firefox" time="95.972" errors="0" timestamp="16 May 2021 20:45:29 GMT">
  <testcase classname="com.zoopla.qa.test.Pages" name="inputLocationAndClickSubmit" time="61.635">
    <failure type="java.lang.AssertionError" message="expected [true] but found [false]">
      <![CDATA[java.lang.AssertionError: expected [true] but found [false]
at com.zoopla.qa.test.Pages.inputLocationAndClickSubmit(Pages.java:96)
at java.base/java.util.concurrent.FutureTask.run(FutureTask.java:264)
at java.base/java.util.concurrent.ThreadPoolExecutor.runWorker(ThreadPoolExecutor.java:1130)
at java.base/java.util.concurrent.ThreadPoolExecutor$Worker.run(ThreadPoolExecutor.java:630)
at java.base/java.lang.Thread.run(Thread.java:832)
... Removed 20 stack frames]]>
    </failure>
  </testcase> <!-- inputLocationAndClickSubmit -->
</testsuite> <!-- Zoopla on firefox -->
