<?xml version="1.0" encoding="UTF-8"?>
<testng-results ignored="0" total="1" passed="1" failed="0" skipped="0">
  <reporter-output>
  </reporter-output>
  <suite started-at="2021-05-17T13:23:41Z" name="regression" finished-at="2021-05-17T13:24:13Z" duration-ms="31783">
    <groups>
    </groups>
    <test started-at="2021-05-17T13:23:41Z" name="Zoopla on chrome" finished-at="2021-05-17T13:24:13Z" duration-ms="31783">
      <class name="com.zoopla.qa.test.Pages">
        <test-method is-config="true" signature="setUp()[pri:0, instance:com.zoopla.qa.test.Pages@1e178745]" started-at="2021-05-17T13:23:41Z" name="setUp" finished-at="2021-05-17T13:23:44Z" duration-ms="3404" status="PASS">
          <reporter-output>
          </reporter-output>
        </test-method> <!-- setUp -->
        <test-method signature="inputLocationAndClickSubmit()[pri:0, instance:com.zoopla.qa.test.Pages@1e178745]" started-at="2021-05-17T13:23:44Z" name="inputLocationAndClickSubmit" finished-at="2021-05-17T13:24:13Z" duration-ms="28352" status="PASS">
          <reporter-output>
          </reporter-output>
        </test-method> <!-- inputLocationAndClickSubmit -->
        <test-method is-config="true" signature="qiut()[pri:0, instance:com.zoopla.qa.test.Pages@1e178745]" started-at="2021-05-17T13:24:13Z" name="qiut" finished-at="2021-05-17T13:24:15Z" duration-ms="2072" status="PASS">
          <reporter-output>
          </reporter-output>
        </test-method> <!-- qiut -->
      </class> <!-- com.zoopla.qa.test.Pages -->
    </test> <!-- Zoopla on chrome -->
  </suite> <!-- regression -->
</testng-results>
