<?xml version="1.0" encoding="UTF-8"?>
<!-- Generated by org.testng.reporters.JUnitXMLReporter -->
<testsuite ignored="0" hostname="SAMPUSATHYA" failures="0" tests="1" name="Test" time="0.047" errors="0" timestamp="16 May 2021 06:36:12 GMT">
  <testcase classname="com.zoopla.qa.test.Pages" name="@BeforeMethod setUp" time="0.0">
    <failure type="org.testng.TestNGException" message="
Parameter &amp;apos;browser&amp;apos; is required by BeforeMethod on method setUp but has not been marked @Optional or defined
in C:\usr\IPAssignments\Zoopla\testng.xml">
      <![CDATA[org.testng.TestNGException: 
Parameter 'browser' is required by BeforeMethod on method setUp but has not been marked @Optional or defined
in C:\usr\IPAssignments\Zoopla\testng.xml
... Removed 25 stack frames]]>
    </failure>
  </testcase> <!-- @BeforeMethod setUp -->
  <testcase classname="com.zoopla.qa.test.Pages" name="@AfterClass qiut" time="0.0">
    <skipped/>
  </testcase> <!-- @AfterClass qiut -->
  <testcase classname="com.zoopla.qa.test.Pages" name="inputLocationAndClickSubmit" time="0.0">
    <skipped/>
  </testcase> <!-- inputLocationAndClickSubmit -->
</testsuite> <!-- Test -->
